2022-11-15 20:02:14,834 [INFO]  
========== start: fit model
2022-11-15 20:02:14,835 [WARNING]  Already bound, ignoring bind()
2022-11-15 20:02:15,081 [INFO]  Epoch[0] Batch [0-245]	Speed: 21337.30 samples/sec	cross-entropy=16.239058	Age-accuracy=0.308943
2022-11-15 20:02:15,270 [INFO]  Epoch[0] Train-cross-entropy=16.598802
2022-11-15 20:02:15,270 [INFO]  Epoch[0] Train-Age-accuracy=0.345679
2022-11-15 20:02:15,271 [INFO]  Epoch[0] Time cost=0.432
2022-11-15 20:02:15,283 [INFO]  Saved checkpoint to "imputer_model/model-0000.params"
2022-11-15 20:02:15,321 [INFO]  Epoch[0] Validation-cross-entropy=15.781394
2022-11-15 20:02:15,323 [INFO]  Epoch[0] Validation-Age-accuracy=0.000000
2022-11-15 20:02:15,530 [INFO]  Epoch[1] Batch [0-245]	Speed: 19480.40 samples/sec	cross-entropy=16.060751	Age-accuracy=0.308943
2022-11-15 20:02:15,711 [INFO]  Epoch[1] Train-cross-entropy=16.514034
2022-11-15 20:02:15,711 [INFO]  Epoch[1] Train-Age-accuracy=0.345679
2022-11-15 20:02:15,712 [INFO]  Epoch[1] Time cost=0.388
2022-11-15 20:02:15,717 [INFO]  Saved checkpoint to "imputer_model/model-0001.params"
2022-11-15 20:02:15,740 [INFO]  Epoch[1] Validation-cross-entropy=15.774531
2022-11-15 20:02:15,741 [INFO]  Epoch[1] Validation-Age-accuracy=0.000000
2022-11-15 20:02:15,949 [INFO]  Epoch[2] Batch [0-245]	Speed: 19077.94 samples/sec	cross-entropy=15.973516	Age-accuracy=0.308943
2022-11-15 20:02:16,138 [INFO]  Epoch[2] Train-cross-entropy=16.447610
2022-11-15 20:02:16,138 [INFO]  Epoch[2] Train-Age-accuracy=0.345679
2022-11-15 20:02:16,139 [INFO]  Epoch[2] Time cost=0.398
2022-11-15 20:02:16,143 [INFO]  Saved checkpoint to "imputer_model/model-0002.params"
2022-11-15 20:02:16,166 [INFO]  Epoch[2] Validation-cross-entropy=15.742208
2022-11-15 20:02:16,167 [INFO]  Epoch[2] Validation-Age-accuracy=0.000000
2022-11-15 20:02:16,370 [INFO]  Epoch[3] Batch [0-245]	Speed: 19504.27 samples/sec	cross-entropy=15.907758	Age-accuracy=0.308943
2022-11-15 20:02:16,558 [INFO]  Epoch[3] Train-cross-entropy=16.397647
2022-11-15 20:02:16,559 [INFO]  Epoch[3] Train-Age-accuracy=0.345679
2022-11-15 20:02:16,560 [INFO]  Epoch[3] Time cost=0.393
2022-11-15 20:02:16,565 [INFO]  Saved checkpoint to "imputer_model/model-0003.params"
2022-11-15 20:02:16,586 [INFO]  Epoch[3] Validation-cross-entropy=15.716133
2022-11-15 20:02:16,587 [INFO]  Epoch[3] Validation-Age-accuracy=0.000000
2022-11-15 20:02:16,776 [INFO]  Epoch[4] Batch [0-245]	Speed: 20940.72 samples/sec	cross-entropy=15.854049	Age-accuracy=0.308943
2022-11-15 20:02:16,958 [INFO]  Epoch[4] Train-cross-entropy=16.363103
2022-11-15 20:02:16,959 [INFO]  Epoch[4] Train-Age-accuracy=0.345679
2022-11-15 20:02:16,959 [INFO]  Epoch[4] Time cost=0.372
2022-11-15 20:02:16,964 [INFO]  Saved checkpoint to "imputer_model/model-0004.params"
2022-11-15 20:02:16,987 [INFO]  Epoch[4] Validation-cross-entropy=15.698732
2022-11-15 20:02:16,987 [INFO]  Epoch[4] Validation-Age-accuracy=0.000000
2022-11-15 20:02:17,188 [INFO]  Epoch[5] Batch [0-245]	Speed: 19799.49 samples/sec	cross-entropy=15.808902	Age-accuracy=0.308943
2022-11-15 20:02:17,368 [INFO]  Epoch[5] Train-cross-entropy=16.340064
2022-11-15 20:02:17,369 [INFO]  Epoch[5] Train-Age-accuracy=0.345679
2022-11-15 20:02:17,369 [INFO]  Epoch[5] Time cost=0.381
2022-11-15 20:02:17,374 [INFO]  Saved checkpoint to "imputer_model/model-0005.params"
2022-11-15 20:02:17,396 [INFO]  Epoch[5] Validation-cross-entropy=15.686133
2022-11-15 20:02:17,396 [INFO]  Epoch[5] Validation-Age-accuracy=0.000000
2022-11-15 20:02:17,598 [INFO]  Epoch[6] Batch [0-245]	Speed: 19741.98 samples/sec	cross-entropy=15.770383	Age-accuracy=0.308943
2022-11-15 20:02:17,777 [INFO]  Epoch[6] Train-cross-entropy=16.324763
2022-11-15 20:02:17,778 [INFO]  Epoch[6] Train-Age-accuracy=0.345679
2022-11-15 20:02:17,779 [INFO]  Epoch[6] Time cost=0.382
2022-11-15 20:02:17,783 [INFO]  Saved checkpoint to "imputer_model/model-0006.params"
2022-11-15 20:02:17,806 [INFO]  Epoch[6] Validation-cross-entropy=15.676835
2022-11-15 20:02:17,806 [INFO]  Epoch[6] Validation-Age-accuracy=0.000000
2022-11-15 20:02:18,004 [INFO]  Epoch[7] Batch [0-245]	Speed: 20071.70 samples/sec	cross-entropy=15.737475	Age-accuracy=0.308943
2022-11-15 20:02:18,181 [INFO]  Epoch[7] Train-cross-entropy=16.314643
2022-11-15 20:02:18,182 [INFO]  Epoch[7] Train-Age-accuracy=0.345679
2022-11-15 20:02:18,182 [INFO]  Epoch[7] Time cost=0.375
2022-11-15 20:02:18,188 [INFO]  Saved checkpoint to "imputer_model/model-0007.params"
2022-11-15 20:02:18,211 [INFO]  Epoch[7] Validation-cross-entropy=15.671042
2022-11-15 20:02:18,211 [INFO]  Epoch[7] Validation-Age-accuracy=0.000000
2022-11-15 20:02:18,414 [INFO]  Epoch[8] Batch [0-245]	Speed: 19616.39 samples/sec	cross-entropy=15.709823	Age-accuracy=0.308943
2022-11-15 20:02:18,594 [INFO]  Epoch[8] Train-cross-entropy=16.307519
2022-11-15 20:02:18,595 [INFO]  Epoch[8] Train-Age-accuracy=0.345679
2022-11-15 20:02:18,596 [INFO]  Epoch[8] Time cost=0.384
2022-11-15 20:02:18,601 [INFO]  Saved checkpoint to "imputer_model/model-0008.params"
2022-11-15 20:02:18,623 [INFO]  Epoch[8] Validation-cross-entropy=15.669634
2022-11-15 20:02:18,623 [INFO]  Epoch[8] Validation-Age-accuracy=0.000000
2022-11-15 20:02:18,826 [INFO]  Epoch[9] Batch [0-245]	Speed: 19585.52 samples/sec	cross-entropy=15.686657	Age-accuracy=0.308943
2022-11-15 20:02:19,024 [INFO]  Epoch[9] Train-cross-entropy=16.301218
2022-11-15 20:02:19,024 [INFO]  Epoch[9] Train-Age-accuracy=0.345679
2022-11-15 20:02:19,025 [INFO]  Epoch[9] Time cost=0.401
2022-11-15 20:02:19,029 [INFO]  Saved checkpoint to "imputer_model/model-0009.params"
2022-11-15 20:02:19,052 [INFO]  Epoch[9] Validation-cross-entropy=15.676076
2022-11-15 20:02:19,053 [INFO]  Epoch[9] Validation-Age-accuracy=0.000000
2022-11-15 20:02:19,283 [INFO]  Epoch[10] Batch [0-245]	Speed: 17286.70 samples/sec	cross-entropy=15.666817	Age-accuracy=0.308943
2022-11-15 20:02:19,473 [INFO]  Epoch[10] Train-cross-entropy=16.294272
2022-11-15 20:02:19,473 [INFO]  Epoch[10] Train-Age-accuracy=0.345679
2022-11-15 20:02:19,474 [INFO]  Epoch[10] Time cost=0.420
2022-11-15 20:02:19,479 [INFO]  Saved checkpoint to "imputer_model/model-0010.params"
2022-11-15 20:02:19,501 [INFO]  Epoch[10] Validation-cross-entropy=15.697268
2022-11-15 20:02:19,502 [INFO]  Epoch[10] Validation-Age-accuracy=0.000000
2022-11-15 20:02:19,695 [INFO]  Epoch[11] Batch [0-245]	Speed: 20607.50 samples/sec	cross-entropy=15.650424	Age-accuracy=0.308943
2022-11-15 20:02:19,876 [INFO]  Epoch[11] Train-cross-entropy=16.286322
2022-11-15 20:02:19,877 [INFO]  Epoch[11] Train-Age-accuracy=0.345679
2022-11-15 20:02:19,877 [INFO]  Epoch[11] Time cost=0.375
2022-11-15 20:02:19,883 [INFO]  Saved checkpoint to "imputer_model/model-0011.params"
2022-11-15 20:02:19,906 [INFO]  Epoch[11] Validation-cross-entropy=15.735176
2022-11-15 20:02:19,907 [INFO]  Epoch[11] Validation-Age-accuracy=0.000000
2022-11-15 20:02:20,139 [INFO]  Epoch[12] Batch [0-245]	Speed: 17077.39 samples/sec	cross-entropy=15.638581	Age-accuracy=0.308943
2022-11-15 20:02:20,345 [INFO]  Epoch[12] Train-cross-entropy=16.278494
2022-11-15 20:02:20,346 [INFO]  Epoch[12] Train-Age-accuracy=0.345679
2022-11-15 20:02:20,347 [INFO]  Epoch[12] Time cost=0.439
2022-11-15 20:02:20,355 [INFO]  Saved checkpoint to "imputer_model/model-0012.params"
2022-11-15 20:02:20,392 [INFO]  No improvement detected for 5 epochs compared to 15.671041744726676 last error obtained: 15.77369874495047, stopping here
2022-11-15 20:02:20,393 [INFO]  
========== done (5.559506893157959 s) fit model
2022-11-15 20:31:48,466 [INFO]  
========== start: fit model
2022-11-15 20:31:48,466 [INFO]  
========== start: fit model
2022-11-15 20:31:48,467 [WARNING]  Already bound, ignoring bind()
2022-11-15 20:31:48,467 [WARNING]  Already bound, ignoring bind()
2022-11-15 20:31:48,690 [INFO]  Epoch[0] Batch [0-245]	Speed: 18023.50 samples/sec	cross-entropy=16.295914	Age-accuracy=0.308943
2022-11-15 20:31:48,690 [INFO]  Epoch[0] Batch [0-245]	Speed: 18023.50 samples/sec	cross-entropy=16.295914	Age-accuracy=0.308943
2022-11-15 20:31:48,870 [INFO]  Epoch[0] Train-cross-entropy=16.422905
2022-11-15 20:31:48,870 [INFO]  Epoch[0] Train-cross-entropy=16.422905
2022-11-15 20:31:48,871 [INFO]  Epoch[0] Train-Age-accuracy=0.345679
2022-11-15 20:31:48,871 [INFO]  Epoch[0] Train-Age-accuracy=0.345679
2022-11-15 20:31:48,871 [INFO]  Epoch[0] Time cost=0.401
2022-11-15 20:31:48,871 [INFO]  Epoch[0] Time cost=0.401
2022-11-15 20:31:48,877 [INFO]  Saved checkpoint to "imputer_model/model-0000.params"
2022-11-15 20:31:48,877 [INFO]  Saved checkpoint to "imputer_model/model-0000.params"
2022-11-15 20:31:48,900 [INFO]  Epoch[0] Validation-cross-entropy=15.610590
2022-11-15 20:31:48,900 [INFO]  Epoch[0] Validation-cross-entropy=15.610590
2022-11-15 20:31:48,901 [INFO]  Epoch[0] Validation-Age-accuracy=0.000000
2022-11-15 20:31:48,901 [INFO]  Epoch[0] Validation-Age-accuracy=0.000000
2022-11-15 20:31:49,107 [INFO]  Epoch[1] Batch [0-245]	Speed: 19356.67 samples/sec	cross-entropy=16.130261	Age-accuracy=0.308943
2022-11-15 20:31:49,107 [INFO]  Epoch[1] Batch [0-245]	Speed: 19356.67 samples/sec	cross-entropy=16.130261	Age-accuracy=0.308943
2022-11-15 20:31:49,288 [INFO]  Epoch[1] Train-cross-entropy=16.378159
2022-11-15 20:31:49,288 [INFO]  Epoch[1] Train-cross-entropy=16.378159
2022-11-15 20:31:49,288 [INFO]  Epoch[1] Train-Age-accuracy=0.345679
2022-11-15 20:31:49,288 [INFO]  Epoch[1] Train-Age-accuracy=0.345679
2022-11-15 20:31:49,289 [INFO]  Epoch[1] Time cost=0.388
2022-11-15 20:31:49,289 [INFO]  Epoch[1] Time cost=0.388
2022-11-15 20:31:49,294 [INFO]  Saved checkpoint to "imputer_model/model-0001.params"
2022-11-15 20:31:49,294 [INFO]  Saved checkpoint to "imputer_model/model-0001.params"
2022-11-15 20:31:49,327 [INFO]  Epoch[1] Validation-cross-entropy=15.613081
2022-11-15 20:31:49,327 [INFO]  Epoch[1] Validation-cross-entropy=15.613081
2022-11-15 20:31:49,328 [INFO]  Epoch[1] Validation-Age-accuracy=0.000000
2022-11-15 20:31:49,328 [INFO]  Epoch[1] Validation-Age-accuracy=0.000000
2022-11-15 20:31:49,553 [INFO]  Epoch[2] Batch [0-245]	Speed: 17778.91 samples/sec	cross-entropy=15.983827	Age-accuracy=0.308943
2022-11-15 20:31:49,553 [INFO]  Epoch[2] Batch [0-245]	Speed: 17778.91 samples/sec	cross-entropy=15.983827	Age-accuracy=0.308943
2022-11-15 20:31:49,731 [INFO]  Epoch[2] Train-cross-entropy=16.346287
2022-11-15 20:31:49,731 [INFO]  Epoch[2] Train-cross-entropy=16.346287
2022-11-15 20:31:49,732 [INFO]  Epoch[2] Train-Age-accuracy=0.345679
2022-11-15 20:31:49,732 [INFO]  Epoch[2] Train-Age-accuracy=0.345679
2022-11-15 20:31:49,732 [INFO]  Epoch[2] Time cost=0.403
2022-11-15 20:31:49,732 [INFO]  Epoch[2] Time cost=0.403
2022-11-15 20:31:49,738 [INFO]  Saved checkpoint to "imputer_model/model-0002.params"
2022-11-15 20:31:49,738 [INFO]  Saved checkpoint to "imputer_model/model-0002.params"
2022-11-15 20:31:49,761 [INFO]  Epoch[2] Validation-cross-entropy=15.622153
2022-11-15 20:31:49,761 [INFO]  Epoch[2] Validation-cross-entropy=15.622153
2022-11-15 20:31:49,762 [INFO]  Epoch[2] Validation-Age-accuracy=0.000000
2022-11-15 20:31:49,762 [INFO]  Epoch[2] Validation-Age-accuracy=0.000000
2022-11-15 20:31:49,963 [INFO]  Epoch[3] Batch [0-245]	Speed: 19742.67 samples/sec	cross-entropy=15.887491	Age-accuracy=0.308943
2022-11-15 20:31:49,963 [INFO]  Epoch[3] Batch [0-245]	Speed: 19742.67 samples/sec	cross-entropy=15.887491	Age-accuracy=0.308943
2022-11-15 20:31:50,141 [INFO]  Epoch[3] Train-cross-entropy=16.325434
2022-11-15 20:31:50,141 [INFO]  Epoch[3] Train-cross-entropy=16.325434
2022-11-15 20:31:50,142 [INFO]  Epoch[3] Train-Age-accuracy=0.345679
2022-11-15 20:31:50,142 [INFO]  Epoch[3] Train-Age-accuracy=0.345679
2022-11-15 20:31:50,142 [INFO]  Epoch[3] Time cost=0.380
2022-11-15 20:31:50,142 [INFO]  Epoch[3] Time cost=0.380
2022-11-15 20:31:50,147 [INFO]  Saved checkpoint to "imputer_model/model-0003.params"
2022-11-15 20:31:50,147 [INFO]  Saved checkpoint to "imputer_model/model-0003.params"
2022-11-15 20:31:50,171 [INFO]  Epoch[3] Validation-cross-entropy=15.622603
2022-11-15 20:31:50,171 [INFO]  Epoch[3] Validation-cross-entropy=15.622603
2022-11-15 20:31:50,171 [INFO]  Epoch[3] Validation-Age-accuracy=0.000000
2022-11-15 20:31:50,171 [INFO]  Epoch[3] Validation-Age-accuracy=0.000000
2022-11-15 20:31:50,376 [INFO]  Epoch[4] Batch [0-245]	Speed: 19423.67 samples/sec	cross-entropy=15.817937	Age-accuracy=0.308943
2022-11-15 20:31:50,376 [INFO]  Epoch[4] Batch [0-245]	Speed: 19423.67 samples/sec	cross-entropy=15.817937	Age-accuracy=0.308943
2022-11-15 20:31:50,558 [INFO]  Epoch[4] Train-cross-entropy=16.313218
2022-11-15 20:31:50,558 [INFO]  Epoch[4] Train-cross-entropy=16.313218
2022-11-15 20:31:50,559 [INFO]  Epoch[4] Train-Age-accuracy=0.345679
2022-11-15 20:31:50,559 [INFO]  Epoch[4] Train-Age-accuracy=0.345679
2022-11-15 20:31:50,560 [INFO]  Epoch[4] Time cost=0.388
2022-11-15 20:31:50,560 [INFO]  Epoch[4] Time cost=0.388
2022-11-15 20:31:50,565 [INFO]  Saved checkpoint to "imputer_model/model-0004.params"
2022-11-15 20:31:50,565 [INFO]  Saved checkpoint to "imputer_model/model-0004.params"
2022-11-15 20:31:50,588 [INFO]  Epoch[4] Validation-cross-entropy=15.612734
2022-11-15 20:31:50,588 [INFO]  Epoch[4] Validation-cross-entropy=15.612734
2022-11-15 20:31:50,589 [INFO]  Epoch[4] Validation-Age-accuracy=0.000000
2022-11-15 20:31:50,589 [INFO]  Epoch[4] Validation-Age-accuracy=0.000000
2022-11-15 20:31:50,792 [INFO]  Epoch[5] Batch [0-245]	Speed: 19517.26 samples/sec	cross-entropy=15.764550	Age-accuracy=0.308943
2022-11-15 20:31:50,792 [INFO]  Epoch[5] Batch [0-245]	Speed: 19517.26 samples/sec	cross-entropy=15.764550	Age-accuracy=0.308943
2022-11-15 20:31:50,976 [INFO]  Epoch[5] Train-cross-entropy=16.307330
2022-11-15 20:31:50,976 [INFO]  Epoch[5] Train-cross-entropy=16.307330
2022-11-15 20:31:50,977 [INFO]  Epoch[5] Train-Age-accuracy=0.345679
2022-11-15 20:31:50,977 [INFO]  Epoch[5] Train-Age-accuracy=0.345679
2022-11-15 20:31:50,978 [INFO]  Epoch[5] Time cost=0.388
2022-11-15 20:31:50,978 [INFO]  Epoch[5] Time cost=0.388
2022-11-15 20:31:50,983 [INFO]  Saved checkpoint to "imputer_model/model-0005.params"
2022-11-15 20:31:50,983 [INFO]  Saved checkpoint to "imputer_model/model-0005.params"
2022-11-15 20:31:51,006 [INFO]  Epoch[5] Validation-cross-entropy=15.596284
2022-11-15 20:31:51,006 [INFO]  Epoch[5] Validation-cross-entropy=15.596284
2022-11-15 20:31:51,006 [INFO]  Epoch[5] Validation-Age-accuracy=0.000000
2022-11-15 20:31:51,006 [INFO]  Epoch[5] Validation-Age-accuracy=0.000000
2022-11-15 20:31:51,219 [INFO]  Epoch[6] Batch [0-245]	Speed: 18676.99 samples/sec	cross-entropy=15.721730	Age-accuracy=0.308943
2022-11-15 20:31:51,219 [INFO]  Epoch[6] Batch [0-245]	Speed: 18676.99 samples/sec	cross-entropy=15.721730	Age-accuracy=0.308943
2022-11-15 20:31:51,432 [INFO]  Epoch[6] Train-cross-entropy=16.306183
2022-11-15 20:31:51,432 [INFO]  Epoch[6] Train-cross-entropy=16.306183
2022-11-15 20:31:51,433 [INFO]  Epoch[6] Train-Age-accuracy=0.345679
2022-11-15 20:31:51,433 [INFO]  Epoch[6] Train-Age-accuracy=0.345679
2022-11-15 20:31:51,434 [INFO]  Epoch[6] Time cost=0.427
2022-11-15 20:31:51,434 [INFO]  Epoch[6] Time cost=0.427
2022-11-15 20:31:51,439 [INFO]  Saved checkpoint to "imputer_model/model-0006.params"
2022-11-15 20:31:51,439 [INFO]  Saved checkpoint to "imputer_model/model-0006.params"
2022-11-15 20:31:51,469 [INFO]  Epoch[6] Validation-cross-entropy=15.582789
2022-11-15 20:31:51,469 [INFO]  Epoch[6] Validation-cross-entropy=15.582789
2022-11-15 20:31:51,469 [INFO]  Epoch[6] Validation-Age-accuracy=0.000000
2022-11-15 20:31:51,469 [INFO]  Epoch[6] Validation-Age-accuracy=0.000000
2022-11-15 20:31:51,724 [INFO]  Epoch[7] Batch [0-245]	Speed: 15619.27 samples/sec	cross-entropy=15.686232	Age-accuracy=0.308943
2022-11-15 20:31:51,724 [INFO]  Epoch[7] Batch [0-245]	Speed: 15619.27 samples/sec	cross-entropy=15.686232	Age-accuracy=0.308943
2022-11-15 20:31:51,957 [INFO]  Epoch[7] Train-cross-entropy=16.308349
2022-11-15 20:31:51,957 [INFO]  Epoch[7] Train-cross-entropy=16.308349
2022-11-15 20:31:51,958 [INFO]  Epoch[7] Train-Age-accuracy=0.345679
2022-11-15 20:31:51,958 [INFO]  Epoch[7] Train-Age-accuracy=0.345679
2022-11-15 20:31:51,958 [INFO]  Epoch[7] Time cost=0.488
2022-11-15 20:31:51,958 [INFO]  Epoch[7] Time cost=0.488
2022-11-15 20:31:51,964 [INFO]  Saved checkpoint to "imputer_model/model-0007.params"
2022-11-15 20:31:51,964 [INFO]  Saved checkpoint to "imputer_model/model-0007.params"
2022-11-15 20:31:51,993 [INFO]  Epoch[7] Validation-cross-entropy=15.587875
2022-11-15 20:31:51,993 [INFO]  Epoch[7] Validation-cross-entropy=15.587875
2022-11-15 20:31:51,994 [INFO]  Epoch[7] Validation-Age-accuracy=0.000000
2022-11-15 20:31:51,994 [INFO]  Epoch[7] Validation-Age-accuracy=0.000000
2022-11-15 20:31:52,216 [INFO]  Epoch[8] Batch [0-245]	Speed: 17969.61 samples/sec	cross-entropy=15.656163	Age-accuracy=0.308943
2022-11-15 20:31:52,216 [INFO]  Epoch[8] Batch [0-245]	Speed: 17969.61 samples/sec	cross-entropy=15.656163	Age-accuracy=0.308943
2022-11-15 20:31:52,415 [INFO]  Epoch[8] Train-cross-entropy=16.311248
2022-11-15 20:31:52,415 [INFO]  Epoch[8] Train-cross-entropy=16.311248
2022-11-15 20:31:52,416 [INFO]  Epoch[8] Train-Age-accuracy=0.345679
2022-11-15 20:31:52,416 [INFO]  Epoch[8] Train-Age-accuracy=0.345679
2022-11-15 20:31:52,416 [INFO]  Epoch[8] Time cost=0.422
2022-11-15 20:31:52,416 [INFO]  Epoch[8] Time cost=0.422
2022-11-15 20:31:52,422 [INFO]  Saved checkpoint to "imputer_model/model-0008.params"
2022-11-15 20:31:52,422 [INFO]  Saved checkpoint to "imputer_model/model-0008.params"
2022-11-15 20:31:52,453 [INFO]  Epoch[8] Validation-cross-entropy=15.624895
2022-11-15 20:31:52,453 [INFO]  Epoch[8] Validation-cross-entropy=15.624895
2022-11-15 20:31:52,454 [INFO]  Epoch[8] Validation-Age-accuracy=0.000000
2022-11-15 20:31:52,454 [INFO]  Epoch[8] Validation-Age-accuracy=0.000000
2022-11-15 20:31:52,846 [INFO]  Epoch[9] Batch [0-245]	Speed: 10135.09 samples/sec	cross-entropy=15.631235	Age-accuracy=0.308943
2022-11-15 20:31:52,846 [INFO]  Epoch[9] Batch [0-245]	Speed: 10135.09 samples/sec	cross-entropy=15.631235	Age-accuracy=0.308943
2022-11-15 20:31:53,248 [INFO]  Epoch[9] Train-cross-entropy=16.310985
2022-11-15 20:31:53,248 [INFO]  Epoch[9] Train-cross-entropy=16.310985
2022-11-15 20:31:53,249 [INFO]  Epoch[9] Train-Age-accuracy=0.345679
2022-11-15 20:31:53,249 [INFO]  Epoch[9] Train-Age-accuracy=0.345679
2022-11-15 20:31:53,250 [INFO]  Epoch[9] Time cost=0.794
2022-11-15 20:31:53,250 [INFO]  Epoch[9] Time cost=0.794
2022-11-15 20:31:53,258 [INFO]  Saved checkpoint to "imputer_model/model-0009.params"
2022-11-15 20:31:53,258 [INFO]  Saved checkpoint to "imputer_model/model-0009.params"
2022-11-15 20:31:53,302 [INFO]  Epoch[9] Validation-cross-entropy=15.675991
2022-11-15 20:31:53,302 [INFO]  Epoch[9] Validation-cross-entropy=15.675991
2022-11-15 20:31:53,304 [INFO]  Epoch[9] Validation-Age-accuracy=0.000000
2022-11-15 20:31:53,304 [INFO]  Epoch[9] Validation-Age-accuracy=0.000000
2022-11-15 20:31:53,672 [INFO]  Epoch[10] Batch [0-245]	Speed: 10840.80 samples/sec	cross-entropy=15.612272	Age-accuracy=0.308943
2022-11-15 20:31:53,672 [INFO]  Epoch[10] Batch [0-245]	Speed: 10840.80 samples/sec	cross-entropy=15.612272	Age-accuracy=0.308943
2022-11-15 20:31:54,086 [INFO]  Epoch[10] Train-cross-entropy=16.307099
2022-11-15 20:31:54,086 [INFO]  Epoch[10] Train-cross-entropy=16.307099
2022-11-15 20:31:54,087 [INFO]  Epoch[10] Train-Age-accuracy=0.345679
2022-11-15 20:31:54,087 [INFO]  Epoch[10] Train-Age-accuracy=0.345679
2022-11-15 20:31:54,088 [INFO]  Epoch[10] Time cost=0.782
2022-11-15 20:31:54,088 [INFO]  Epoch[10] Time cost=0.782
2022-11-15 20:31:54,096 [INFO]  Saved checkpoint to "imputer_model/model-0010.params"
2022-11-15 20:31:54,096 [INFO]  Saved checkpoint to "imputer_model/model-0010.params"
2022-11-15 20:31:54,147 [INFO]  Epoch[10] Validation-cross-entropy=15.693281
2022-11-15 20:31:54,147 [INFO]  Epoch[10] Validation-cross-entropy=15.693281
2022-11-15 20:31:54,149 [INFO]  Epoch[10] Validation-Age-accuracy=0.000000
2022-11-15 20:31:54,149 [INFO]  Epoch[10] Validation-Age-accuracy=0.000000
2022-11-15 20:31:54,570 [INFO]  Epoch[11] Batch [0-245]	Speed: 9436.23 samples/sec	cross-entropy=15.599978	Age-accuracy=0.308943
2022-11-15 20:31:54,570 [INFO]  Epoch[11] Batch [0-245]	Speed: 9436.23 samples/sec	cross-entropy=15.599978	Age-accuracy=0.308943
2022-11-15 20:31:54,966 [INFO]  Epoch[11] Train-cross-entropy=16.303228
2022-11-15 20:31:54,966 [INFO]  Epoch[11] Train-cross-entropy=16.303228
2022-11-15 20:31:54,970 [INFO]  Epoch[11] Train-Age-accuracy=0.345679
2022-11-15 20:31:54,970 [INFO]  Epoch[11] Train-Age-accuracy=0.345679
2022-11-15 20:31:54,972 [INFO]  Epoch[11] Time cost=0.821
2022-11-15 20:31:54,972 [INFO]  Epoch[11] Time cost=0.821
2022-11-15 20:31:54,979 [INFO]  Saved checkpoint to "imputer_model/model-0011.params"
2022-11-15 20:31:54,979 [INFO]  Saved checkpoint to "imputer_model/model-0011.params"
2022-11-15 20:31:55,022 [INFO]  No improvement detected for 5 epochs compared to 15.582789165002328 last error obtained: 15.670952955881754, stopping here
2022-11-15 20:31:55,022 [INFO]  No improvement detected for 5 epochs compared to 15.582789165002328 last error obtained: 15.670952955881754, stopping here
2022-11-15 20:31:55,023 [INFO]  
========== done (6.556989908218384 s) fit model
2022-11-15 20:31:55,023 [INFO]  
========== done (6.556989908218384 s) fit model
